Microsoft HTML Help Compiler 4.74.8702

Compiling d:\Developpement\MyLazarus\SQLitePass\Documentation\PasDoc\docs.chm

Legend.html
Introduction.html
AllUnits.html
ClassHierarchy.html
AllClasses.html
AllTypes.html
AllVariables.html
AllConstants.html
AllFunctions.html
AllIdentifiers.html
SqlitePassApi_v3.html
SqlitePassConst.html
SqlitePassDbo.html
SqlitePassDbo.TMidRecordBuffer.html
SqlitePassDbo.TSqlitePassBlobStream.html
SqlitePassDbo.TSqlitePassCustomFieldDef.html
SqlitePassDbo.TSqlitePassCustomFieldDefs.html
SqlitePassDbo.TSqlitePassDatabase.html
SqlitePassDbo.TSqlitePassDatabaseAttached.html
SqlitePassDbo.TSqlitePassDatabaseDataTypeOptions.html
SqlitePassDbo.TSqlitePassDatabaseError.html
SqlitePassDbo.TSqlitePassDatabaseIndex.html
SqlitePassDbo.TSqlitePassDatabaseIndexDefs.html
SqlitePassDbo.TSqlitePassDatabaseOptions.html
SqlitePassDbo.TSqlitePassDatabasesAttached.html
SqlitePassDbo.TSqlitePassDatabaseVersionInfo.html
SqlitePassDbo.TSqlitePassDataReader.html
SqlitePassDbo.TSqlitePassDataset.html
SqlitePassDbo.TSqlitePassDatasetIndex.html
SqlitePassDbo.TSqlitePassDatasetIndexDefs.html
SqlitePassDbo.TSqlitePassDatasets.html
SqlitePassDbo.TSqlitePassDatasetVersionInfo.html
SqlitePassDbo.TSqlitePassEngine.html
SqlitePassDbo.TSqlitePassFieldFilter.html
SqlitePassDbo.TSqlitePassFieldFilterExp.html
SqlitePassDbo.TSqlitePassFieldFilters.html
SqlitePassDbo.TSqlitePassFieldTypesDefaultTranslationRules.html
SqlitePassDbo.TSqlitePassFieldTypesGenericTranslationRules.html
SqlitePassDbo.TSqlitePassFieldTypesTranslationRules.html
SqlitePassDbo.TSqlitePassFieldTypeTranslationRule.html
SqlitePassDbo.TSqlitePassGenericFieldDef.html
SqlitePassDbo.TSqlitePassGenericTableDef.html
SqlitePassDbo.TSqlitePassIndex.html
SqlitePassDbo.TSqlitePassIndexColumn.html
SqlitePassDbo.TSqlitePassIndexColumns.html
SqlitePassDbo.TSqlitePassInMemoryIndex.html
SqlitePassDbo.TSqlitePassInMemoryIndexes.html
SqlitePassDbo.TSqlitePassInMemoryIndexInfo.html
SqlitePassDbo.TSqlitePassQueryDef.html
SqlitePassDbo.TSqlitePassQueryDefs.html
SqlitePassDbo.TSqlitePassRecordset.html
SqlitePassDbo.TSqlitePassSelectStmt.html
SqlitePassDbo.TSqlitePassSelectStmtFieldDef.html
SqlitePassDbo.TSqlitePassSelectStmtFieldDefs.html
SqlitePassDbo.TSqlitePassSelectStmtTableDef.html
SqlitePassDbo.TSqlitePassSelectStmtTableDefs.html
SqlitePassDbo.TSqlitePassSQLSections.html
SqlitePassDbo.TSqlitePassSQLStmt.html
SqlitePassDbo.TSqlitePassSQLStmtDef.html
SqlitePassDbo.TSqlitePassSQLStmtDefs.html
SqlitePassDbo.TSqlitePassSQLToken.html
SqlitePassDbo.TSqlitePassSQLTokenizer.html
SqlitePassDbo.TSqlitePassSQLTokens.html
SqlitePassDbo.TSqlitePassTableDef.html
SqlitePassDbo.TSqlitePassTableDefs.html
SqlitePassDbo.TSqlitePassTableFieldDef.html
SqlitePassDbo.TSqlitePassTableFieldDefs.html
SqlitePassDbo.TSqlitePassTransaction.html
SqlitePassDbo.TSqlitePassTranslator.html
SqlitePassDbo.TSqlitePassTranslator_Kexi.html
SqlitePassDbo.TSqlitePassTranslator_SqliteAdmin.html
SqlitePassDbo.TSqlitePassTranslator_SqliteExpert.html
SqlitePassDbo.TSqlitePassTrigger.html
SqlitePassDbo.TSqlitePassTriggers.html
SqlitePassDbo.TSqlitePassView.html
SqlitePassDbo.TSqlitePassViews.html
SqlitePassErrorLang.html
SqlitePassUtils.html
SqlitePassUtils.TSqlitePassAnsiStringItem.html
SqlitePassUtils.TSqlitePassAnsiStringList.html
SqlitePassUtils.TSqlitePassBitArray.html
SqlitePassUtils.TSqlitePassIntegerList.html
SqlitePassUtils.TSqlitePassList.html
SqlitePassUtils.TSqlitePassObjectList.html
SqlitePassUtils.TSqlitePassWideStringItem.html
SqlitePassUtils.TSqlitePassWideStringList.html
SqlitePassVisualTools.html
SqlitePassVisualTools.TSPVTCtrlGrid.html
SqlitePassVisualTools.TSPVTCtrlGridNavigator.html
SqlitePassVisualTools.TSPVTDBItem.html
SqlitePassVisualTools.TSPVTDBItemList.html
SqlitePassVisualTools.TSPVTDBTreeView.html
SqlitePassVisualTools.TSqlitePassActiveControlWatcher.html
SqlitePassVisualTools.TSqlitePassDatasetFilter.html
SqlitePassVisualTools.TSqlitePassDatasetFilterOnOff.html
SqlitePassVisualTools.TSqlitePassDatasetFilterOnSelection.html
SqlitePassVisualTools.TSqlitePassDatasetLocate.html
SqlitePassVisualTools.TSqlitePassDatasetLocateFirst.html
SqlitePassVisualTools.TSqlitePassDatasetLocateLast.html
SqlitePassVisualTools.TSqlitePassDatasetLocateNext.html
SqlitePassVisualTools.TSqlitePassDatasetLocatePrior.html
SqlitePassVisualTools.TSqlitePassDatasetSort.html
SqlitePassVisualTools.TSqlitePassDatasetSortAsc.html
SqlitePassVisualTools.TSqlitePassDatasetSortDesc.html
SqlitePassVisualTools.TSqlitePassDBAction.html
SqlitePassVisualTools.TSqlitePassDBActionList.html
SqlitePassVisualTools.TSqlitePassDBLocateMoveAction.html
docs.hhc
docs.hhk
private.gif
protected.gif
public.gif
published.gif
automated.gif
image_0.png
image_1.png
image_2.png
image_3.png
image_4.png
image_5.png
image_6.png
image_7.png
image_8.png
image_9.png
image_10.png
image_11.png
image_12.png
pasdoc.css

Compile time: 0 minutes, 7 seconds
1,787	Topics
17,606	Local links
111	Internet links
18	Graphics


Created d:\Developpement\MyLazarus\SQLitePass\Documentation\PasDoc\docs.chm, 567,317 bytes
Compression decreased file by 2,915,671 bytes.
