------------------------------------------------------------------------------------------
ALLUSERSPROFILE=C:\Documents and Settings\All Users
APPDATA=C:\Documents and Settings\vadim-l.DOMAIN\Application Data
CleanDcc32Log=1
COMMAND=dcc32.exe Project1.dpr -M -B -$J+,R-,I-,Q-,Y-,B-,A+,W-,U-,T-,H+,X+,P+,V+,G+ -DDEBUG;_DEBUG_ -$D+,L+,C-,O- -GD -U".\..\..\..\..;.\..\..\..\..\jcl;C:\Borland\Delphi10\Lib\Debug;C:\Borland\Delphi10\Lib;C:\Borland\Delphi10\Imports;C:\Borland\Delphi10\Projects\Bpl;C:\Borland\Delphi10\Source\Toolsapi;C:\Borland\Delphi10\Bin\system32;C:\Borland\Delphi10\Lib\Indy10" -I".\..\..\..\..;.\..\..\..\..\jcl;C:\Borland\Delphi10\Lib\Debug;C:\Borland\Delphi10\Lib;C:\Borland\Delphi10\Imports;C:\Borland\Delphi10\Projects\Bpl;C:\Borland\Delphi10\Source\Toolsapi;C:\Borland\Delphi10\Bin\system32;C:\Borland\Delphi10\Lib\Indy10" -R".\..\..\..\..;.\..\..\..\..\jcl;C:\Borland\Delphi10\Lib\Debug;C:\Borland\Delphi10\Lib;C:\Borland\Delphi10\Imports;C:\Borland\Delphi10\Projects\Bpl;C:\Borland\Delphi10\Source\Toolsapi;C:\Borland\Delphi10\Bin\system32;C:\Borland\Delphi10\Lib\Indy10"
CommonProgramFiles=C:\Program Files\Common Files
COMPUTERNAME=LOU-PC
ComSpec=C:\WINDOWS\system32\cmd.exe
d1=C:\Borland\Components\Typhoon2\Common\
d2=C:\Projects\VSS\Components\Typhoon2\Common\
DBASE=10
dccName=dcc32.exe
DCC_OPT=-M -B -$J+,R-,I-,Q-,Y-,B-,A+,W-,U-,T-,H+,X+,P+,V+,G+ -DDEBUG;_DEBUG_ -$D+,L+,C-,O- -GD
DEBUG=1
DEBUG_BATCH=0
DelphiName=BDS
DELPHI_ROOTDIR=C:\Borland\Delphi10
diffver=2
DLib=.\..\..\..\..;.\..\..\..\..\jcl;C:\Borland\Delphi10\Lib\Debug;C:\Borland\Delphi10\Lib;C:\Borland\Delphi10\Imports;C:\Borland\Delphi10\Projects\Bpl;C:\Borland\Delphi10\Source\Toolsapi;C:\Borland\Delphi10\Bin\system32;C:\Borland\Delphi10\Lib\Indy10
DVER=4
DXVER=10
EurekaLog=0
f1=FxtVer.inc
f2=..
FARHOME=C:\Program Files\Far
FARLANG=English
file_name=Project1
FP_NO_HOST_CHECK=NO
HOMEDRIVE=H:
HOMEPATH=\av\vadim-l
HOMESHARE=\\192.168.0.45\PsFolder$
JDBG=0
KEY=HKCU
LOGONSERVER=\\AV-DC-43
make_prj_ver=2008.08.07
MAPFILE=1
NUMBER_OF_PROCESSORS=2
OS=Windows_NT
Path=C:\Borland\Delphi10\Bin\system32;C:\Borland\Delphi10\Bin;C:\Borland\Delphi10\Projects\Bpl;.\..\..\..\..\make_tools;C:\WINDOWS\system32;C:\WINDOWS;C:\ORACLE\10g\Bin;C:\Programs\cmd;C:\CodeGear\rad-studio-2009\projects\bpl;C:\CodeGear\rad-studio-2009\bin;C:\Borland\Delphi11\Projects\Bpl;C:\Borland\Delphi11\Bin;C:\Borland\Delphi7\Bin;C:\Borland\Delphi7\Projects\Bpl;C:\Borland\Delphi5\Projects\Bpl;C:\Borland\Delphi5\Bin;C:\Program Files\Intel\DMIX;C:\Program Files\Network Associates\PGPNT;C:\Borland\Delphi10\Projects\Bpl;C:\Borland\Delphi10\Bin
PATHEXT=.COM;.EXE;.BAT;.CMD;.VBS;.VBE;.JS;.JSE;.WSF;.WSH
Platform=DX
PROCESSOR_ARCHITECTURE=x86
PROCESSOR_IDENTIFIER=x86 Family 6 Model 15 Stepping 13, GenuineIntel
PROCESSOR_LEVEL=6
PROCESSOR_REVISION=0f0d
ProgramFiles=C:\Program Files
Project=Project1.dpr
PROMPT=$P$G
RAR=-idc -mdG -msace;arj;bz2;cab;gz;jpeg;jpg;lha;lzh;mp3;rar;zip;taz;tgz;z;gif;tif;chm;msi
REGPATH=\Software\Borland\BDS
SESSIONNAME=Console
SystemDrive=C:
SystemRoot=C:\WINDOWS
TEMP=C:\TEMP
TMP=C:\TEMP
TRACE_STACK_SOURCE=1
UsePack=0
USERDNSDOMAIN=AV.YDOM
USERDOMAIN=DOMAIN
UserLib=.\..\..\..\..;.\..\..\..\..\jcl;
UserLibI=.\..\..\..\..;.\..\..\..\..\jcl
UserLibO=.
UserLibR=.\..\..\..\..;.\..\..\..\..\jcl
USERNAME=vadim-l
USERPROFILE=C:\Documents and Settings\vadim-l.DOMAIN
WF_RESOURCES=C:\oracle\920\WF\RES\WFus.RES
windir=C:\WINDOWS
. . . . . . . . . . . . . . . . . . . . . . . . . . . . . . . . . . . . . . . . . . . . . 
Error (ERRORLEVEL="0").
. . . . . . . . . . . . . . . . . . . . . . . . . . . . . . . . . . . . . . . . . . . . . 
PATH=C:\Borland\Delphi10\Bin\system32;C:\Borland\Delphi10\Bin;C:\Borland\Delphi10\Projects\Bpl;.\..\..\..\..\make_tools;C:\WINDOWS\system32;C:\WINDOWS;C:\ORACLE\10g\Bin;C:\Programs\cmd;C:\CodeGear\rad-studio-2009\projects\bpl;C:\CodeGear\rad-studio-2009\bin;C:\Borland\Delphi11\Projects\Bpl;C:\Borland\Delphi11\Bin;C:\Borland\Delphi7\Bin;C:\Borland\Delphi7\Projects\Bpl;C:\Borland\Delphi5\Projects\Bpl;C:\Borland\Delphi5\Bin;C:\Program Files\Intel\DMIX;C:\Program Files\Network Associates\PGPNT;C:\Borland\Delphi10\Projects\Bpl;C:\Borland\Delphi10\Bin
. . . . . . . . . . . . . . . . . . . . . . . . . . . . . . . . . . . . . . . . . . . . . 
Error (ERRORLEVEL="0").
UserLib=.\..\..\..\..;.\..\..\..\..\jcl;
UserPack=
. . . . . . . . . . . . . . . . . . . . . . . . . . . . . . . . . . . . . . . . . . . . . 
command:
dcc32.exe Project1.dpr -M -B -$J+,R-,I-,Q-,Y-,B-,A+,W-,U-,T-,H+,X+,P+,V+,G+ -DDEBUG;_DEBUG_ -$D+,L+,C-,O- -GD -U".\..\..\..\..;.\..\..\..\..\jcl;C:\Borland\Delphi10\Lib\Debug;C:\Borland\Delphi10\Lib;C:\Borland\Delphi10\Imports;C:\Borland\Delphi10\Projects\Bpl;C:\Borland\Delphi10\Source\Toolsapi;C:\Borland\Delphi10\Bin\system32;C:\Borland\Delphi10\Lib\Indy10" -I".\..\..\..\..;.\..\..\..\..\jcl;C:\Borland\Delphi10\Lib\Debug;C:\Borland\Delphi10\Lib;C:\Borland\Delphi10\Imports;C:\Borland\Delphi10\Projects\Bpl;C:\Borland\Delphi10\Source\Toolsapi;C:\Borland\Delphi10\Bin\system32;C:\Borland\Delphi10\Lib\Indy10" -R".\..\..\..\..;.\..\..\..\..\jcl;C:\Borland\Delphi10\Lib\Debug;C:\Borland\Delphi10\Lib;C:\Borland\Delphi10\Imports;C:\Borland\Delphi10\Projects\Bpl;C:\Borland\Delphi10\Source\Toolsapi;C:\Borland\Delphi10\Bin\system32;C:\Borland\Delphi10\Lib\Indy10"
. . . . . . . . . . . . . . . . . . . . . . . . . . . . . . . . . . . . . . . . . . . . . 
